\BOOKMARK [1][-]{section.1}{\376\377\000I\000n\000t\000r\000o\000d\000u\000c\000t\000i\000o\000n}{}% 1
\BOOKMARK [1][-]{section.2}{\376\377\000B\000a\000c\000k\000g\000r\000o\000u\000n\000d\000\040\000a\000n\000d\000\040\000r\000e\000l\000a\000t\000e\000d\000\040\000w\000o\000r\000k}{}% 2
\BOOKMARK [1][-]{section.3}{\376\377\000M\000o\000d\000e\000l\000\040\000o\000v\000e\000r\000v\000i\000e\000w}{}% 3
\BOOKMARK [1][-]{section.4}{\376\377\000V\000o\000l\000u\000m\000e\000\040\000a\000t\000t\000r\000i\000b\000u\000t\000i\000o\000n}{}% 4
\BOOKMARK [2][-]{subsection.4.1}{\376\377\000F\000r\000a\000c\000t\000i\000o\000n\000a\000l\000\040\000s\000e\000t\000\040\000c\000o\000u\000n\000t\000i\000n\000g}{section.4}% 5
\BOOKMARK [2][-]{subsection.4.2}{\376\377\000E\000f\000f\000o\000r\000t\000\040\000w\000e\000i\000g\000h\000t\000i\000n\000g}{section.4}% 6
\BOOKMARK [2][-]{subsection.4.3}{\376\377\000W\000e\000e\000k\000l\000y\000\040\000e\000f\000f\000e\000c\000t\000i\000v\000e\000\040\000s\000e\000t\000s\000\040\000p\000e\000r\000\040\000m\000u\000s\000c\000l\000e}{section.4}% 7
\BOOKMARK [1][-]{section.5}{\376\377\000E\000f\000f\000o\000r\000t\000\040\000i\000n\000f\000e\000r\000e\000n\000c\000e}{}% 8
\BOOKMARK [2][-]{subsection.5.1}{\376\377\000E\000s\000t\000i\000m\000a\000t\000e\000d\000\040\000o\000n\000e\000-\000r\000e\000p\000\040\000m\000a\000x\000\040\000\050\000a\000n\000c\000h\000o\000r\000\051}{section.5}% 9
\BOOKMARK [2][-]{subsection.5.2}{\376\377\000R\000e\000p\000s\000\040\000i\000n\000\040\000r\000e\000s\000e\000r\000v\000e\000\040\000a\000n\000d\000\040\000c\000l\000a\000s\000s\000i\000f\000i\000c\000a\000t\000i\000o\000n}{section.5}% 10
\BOOKMARK [2][-]{subsection.5.3}{\376\377\000S\000e\000l\000f\000-\000c\000a\000l\000i\000b\000r\000a\000t\000e\000d\000\040\000r\000e\000p\000\040\000d\000e\000n\000o\000m\000i\000n\000a\000t\000o\000r}{section.5}% 11
\BOOKMARK [1][-]{section.6}{\376\377\000T\000h\000e\000\040\000g\000r\000o\000w\000t\000h\000\040\000s\000i\000g\000n\000a\000l\000:\000\040\000d\000o\000s\000e\000,\000\040\000t\000r\000e\000n\000d\000,\000\040\000a\000n\000d\000\040\000s\000t\000a\000t\000e}{}% 12
\BOOKMARK [2][-]{subsection.6.1}{\376\377\000V\000o\000l\000u\000m\000e\000\040\000l\000a\000n\000d\000m\000a\000r\000k\000s}{section.6}% 13
\BOOKMARK [2][-]{subsection.6.2}{\376\377\000C\000o\000n\000t\000i\000n\000u\000o\000u\000s\000\040\000b\000a\000c\000k\000b\000o\000n\000e}{section.6}% 14
\BOOKMARK [2][-]{subsection.6.3}{\376\377\000T\000e\000m\000p\000o\000r\000a\000l\000\040\000w\000i\000n\000d\000o\000w\000s}{section.6}% 15
\BOOKMARK [2][-]{subsection.6.4}{\376\377\000D\000o\000s\000e}{section.6}% 16
\BOOKMARK [2][-]{subsection.6.5}{\376\377\000T\000r\000e\000n\000d\000:\000\040\000p\000r\000o\000g\000r\000e\000s\000s\000i\000v\000e\000\040\000o\000v\000e\000r\000l\000o\000a\000d\000\040\000t\000w\000o\000\040\000w\000a\000y\000s}{section.6}% 17
\BOOKMARK [2][-]{subsection.6.6}{\376\377\000P\000e\000r\000-\000m\000u\000s\000c\000l\000e\000\040\000s\000t\000a\000t\000e}{section.6}% 18
\BOOKMARK [2][-]{subsection.6.7}{\376\377\000B\000o\000r\000d\000e\000r\000l\000i\000n\000e\000\040\000s\000t\000a\000t\000e\000s}{section.6}% 19
\BOOKMARK [2][-]{subsection.6.8}{\376\377\000O\000v\000e\000r\000a\000l\000l\000\040\000v\000e\000r\000d\000i\000c\000t}{section.6}% 20
\BOOKMARK [1][-]{section.7}{\376\377\000F\000o\000r\000e\000c\000a\000s\000t\000s}{}% 21
\BOOKMARK [2][-]{subsection.7.1}{\376\377\000P\000l\000a\000n\000\040\000f\000o\000r\000e\000c\000a\000s\000t}{section.7}% 22
\BOOKMARK [2][-]{subsection.7.2}{\376\377\000M\000o\000n\000t\000e\000\040\000C\000a\000r\000l\000o\000\040\000g\000r\000o\000w\000t\000h\000\040\000p\000r\000o\000j\000e\000c\000t\000i\000o\000n}{section.7}% 23
\BOOKMARK [2][-]{subsection.7.3}{\376\377\000S\000i\000m\000u\000l\000a\000t\000e\000d\000\040\000r\000e\000g\000i\000m\000e\000s\000\040\000a\000n\000d\000\040\000s\000e\000n\000s\000i\000t\000i\000v\000i\000t\000y}{section.7}% 24
\BOOKMARK [1][-]{section.8}{\376\377\000T\000h\000e\000\040\000p\000r\000e\000d\000i\000c\000t\000i\000o\000n\000\040\000l\000e\000d\000g\000e\000r\000\040\000a\000n\000d\000\040\000s\000e\000l\000f\000-\000c\000a\000l\000i\000b\000r\000a\000t\000i\000o\000n}{}% 25
\BOOKMARK [2][-]{subsection.8.1}{\376\377\000W\000h\000a\000t\000\040\000i\000s\000\040\000m\000e\000a\000s\000u\000r\000e\000d\000\040\000a\000n\000d\000\040\000w\000h\000a\000t\000\040\000i\000s\000\040\000e\000s\000t\000i\000m\000a\000t\000e\000d}{section.8}% 26
\BOOKMARK [2][-]{subsection.8.2}{\376\377\000T\000h\000e\000\040\000o\000b\000s\000e\000r\000v\000a\000b\000l\000e}{section.8}% 27
\BOOKMARK [2][-]{subsection.8.3}{\376\377\000T\000h\000e\000\040\000f\000o\000r\000e\000c\000a\000s\000t}{section.8}% 28
\BOOKMARK [2][-]{subsection.8.4}{\376\377\000T\000h\000e\000\040\000l\000e\000d\000g\000e\000r}{section.8}% 29
\BOOKMARK [2][-]{subsection.8.5}{\376\377\000R\000e\000-\000p\000a\000r\000a\000m\000e\000t\000e\000r\000i\000z\000a\000t\000i\000o\000n}{section.8}% 30
\BOOKMARK [2][-]{subsection.8.6}{\376\377\000F\000r\000o\000m\000\040\000s\000t\000r\000e\000n\000g\000t\000h\000\040\000b\000a\000c\000k\000\040\000t\000o\000\040\000s\000i\000z\000e\000:\000\040\000t\000h\000e\000\040\000b\000r\000i\000d\000g\000e}{section.8}% 31
\BOOKMARK [2][-]{subsection.8.7}{\376\377\000V\000a\000l\000i\000d\000a\000t\000i\000o\000n\000\040\000b\000e\000f\000o\000r\000e\000\040\000b\000e\000l\000i\000e\000f}{section.8}% 32
\BOOKMARK [2][-]{subsection.8.8}{\376\377\000W\000h\000i\000c\000h\000\040\000e\000x\000e\000r\000c\000i\000s\000e\000s\000\040\000d\000r\000i\000v\000e\000\040\000s\000t\000r\000e\000n\000g\000t\000h}{section.8}% 33
\BOOKMARK [1][-]{section.9}{\376\377\000S\000c\000i\000e\000n\000t\000i\000f\000i\000c\000\040\000b\000a\000s\000i\000s}{}% 34
\BOOKMARK [1][-]{section.10}{\376\377\000V\000e\000r\000i\000f\000i\000c\000a\000t\000i\000o\000n}{}% 35
\BOOKMARK [1][-]{section.11}{\376\377\000A\000s\000s\000u\000m\000p\000t\000i\000o\000n\000s\000\040\000a\000n\000d\000\040\000l\000i\000m\000i\000t\000a\000t\000i\000o\000n\000s}{}% 36
\BOOKMARK [1][-]{appendix.A}{\376\377\000S\000y\000m\000b\000o\000l\000\040\000r\000e\000f\000e\000r\000e\000n\000c\000e}{}% 37
\BOOKMARK [1][-]{appendix.B}{\376\377\000P\000a\000r\000a\000m\000e\000t\000e\000r\000\040\000v\000a\000l\000u\000e\000s}{}% 38
